<?xml version="1.0" encoding="UTF-8"?>
<testsuite xmlns:xsi="http://www.w3.org/2001/XMLSchema-instance" xsi:noNamespaceSchemaLocation="https://maven.apache.org/surefire/maven-surefire-plugin/xsd/surefire-test-report-3.0.xsd" version="3.0" name="TestSuite" time="155.665" tests="13" errors="0" skipped="0" failures="0">
  <properties>
    <property name="sun.desktop" value="windows"/>
    <property name="awt.toolkit" value="sun.awt.windows.WToolkit"/>
    <property name="file.encoding.pkg" value="sun.io"/>
    <property name="java.specification.version" value="1.8"/>
    <property name="webdriver.chrome.driver" value="D:\Programs\8&apos;30PMEST Batch\jombone-master\Drivers\chromedriver.exe"/>
    <property name="sun.cpu.isalist" value="amd64"/>
    <property name="sun.jnu.encoding" value="Cp1252"/>
    <property name="java.class.path" value="D:\Programs\8&apos;30PMEST Batch\jombone-master\target\test-classes;D:\Programs\8&apos;30PMEST Batch\jombone-master\target\classes;C:\Users\dilip\.m2\repository\junit\junit\3.8.1\junit-3.8.1.jar;C:\Users\dilip\.m2\repository\org\seleniumhq\selenium\selenium-java\3.141.59\selenium-java-3.141.59.jar;C:\Users\dilip\.m2\repository\org\seleniumhq\selenium\selenium-api\3.141.59\selenium-api-3.141.59.jar;C:\Users\dilip\.m2\repository\org\seleniumhq\selenium\selenium-chrome-driver\3.141.59\selenium-chrome-driver-3.141.59.jar;C:\Users\dilip\.m2\repository\org\seleniumhq\selenium\selenium-edge-driver\3.141.59\selenium-edge-driver-3.141.59.jar;C:\Users\dilip\.m2\repository\org\seleniumhq\selenium\selenium-firefox-driver\3.141.59\selenium-firefox-driver-3.141.59.jar;C:\Users\dilip\.m2\repository\org\seleniumhq\selenium\selenium-ie-driver\3.141.59\selenium-ie-driver-3.141.59.jar;C:\Users\dilip\.m2\repository\org\seleniumhq\selenium\selenium-opera-driver\3.141.59\selenium-opera-driver-3.141.59.jar;C:\Users\dilip\.m2\repository\org\seleniumhq\selenium\selenium-remote-driver\3.141.59\selenium-remote-driver-3.141.59.jar;C:\Users\dilip\.m2\repository\org\seleniumhq\selenium\selenium-safari-driver\3.141.59\selenium-safari-driver-3.141.59.jar;C:\Users\dilip\.m2\repository\org\seleniumhq\selenium\selenium-support\3.141.59\selenium-support-3.141.59.jar;C:\Users\dilip\.m2\repository\net\bytebuddy\byte-buddy\1.8.15\byte-buddy-1.8.15.jar;C:\Users\dilip\.m2\repository\org\apache\commons\commons-exec\1.3\commons-exec-1.3.jar;C:\Users\dilip\.m2\repository\com\google\guava\guava\25.0-jre\guava-25.0-jre.jar;C:\Users\dilip\.m2\repository\com\google\code\findbugs\jsr305\1.3.9\jsr305-1.3.9.jar;C:\Users\dilip\.m2\repository\org\checkerframework\checker-compat-qual\2.0.0\checker-compat-qual-2.0.0.jar;C:\Users\dilip\.m2\repository\com\google\errorprone\error_prone_annotations\2.1.3\error_prone_annotations-2.1.3.jar;C:\Users\dilip\.m2\repository\com\google\j2objc\j2objc-annotations\1.1\j2objc-annotations-1.1.jar;C:\Users\dilip\.m2\repository\org\codehaus\mojo\animal-sniffer-annotations\1.14\animal-sniffer-annotations-1.14.jar;C:\Users\dilip\.m2\repository\com\squareup\okhttp3\okhttp\3.11.0\okhttp-3.11.0.jar;C:\Users\dilip\.m2\repository\com\squareup\okio\okio\1.14.0\okio-1.14.0.jar;C:\Users\dilip\.m2\repository\log4j\log4j\1.2.17\log4j-1.2.17.jar;C:\Users\dilip\.m2\repository\org\testng\testng\6.14.3\testng-6.14.3.jar;C:\Users\dilip\.m2\repository\com\beust\jcommander\1.72\jcommander-1.72.jar;C:\Users\dilip\.m2\repository\org\apache-extras\beanshell\bsh\2.0b6\bsh-2.0b6.jar;C:\Users\dilip\.m2\repository\org\apache\poi\poi\3.17\poi-3.17.jar;C:\Users\dilip\.m2\repository\commons-codec\commons-codec\1.10\commons-codec-1.10.jar;C:\Users\dilip\.m2\repository\org\apache\commons\commons-collections4\4.1\commons-collections4-4.1.jar;C:\Users\dilip\.m2\repository\org\apache\poi\poi-ooxml\3.17\poi-ooxml-3.17.jar;C:\Users\dilip\.m2\repository\org\apache\poi\poi-ooxml-schemas\3.17\poi-ooxml-schemas-3.17.jar;C:\Users\dilip\.m2\repository\org\apache\xmlbeans\xmlbeans\2.6.0\xmlbeans-2.6.0.jar;C:\Users\dilip\.m2\repository\stax\stax-api\1.0.1\stax-api-1.0.1.jar;C:\Users\dilip\.m2\repository\com\github\virtuald\curvesapi\1.04\curvesapi-1.04.jar;C:\Users\dilip\.m2\repository\com\aventstack\extentreports\4.0.9\extentreports-4.0.9.jar;C:\Users\dilip\.m2\repository\org\freemarker\freemarker\2.3.23\freemarker-2.3.23.jar;C:\Users\dilip\.m2\repository\org\mongodb\mongodb-driver\3.3.0\mongodb-driver-3.3.0.jar;C:\Users\dilip\.m2\repository\org\mongodb\mongodb-driver-core\3.3.0\mongodb-driver-core-3.3.0.jar;C:\Users\dilip\.m2\repository\org\mongodb\bson\3.3.0\bson-3.3.0.jar;C:\Users\dilip\.m2\repository\org\apache\httpcomponents\httpclient\4.5.2\httpclient-4.5.2.jar;C:\Users\dilip\.m2\repository\org\apache\httpcomponents\httpcore\4.4.4\httpcore-4.4.4.jar;C:\Users\dilip\.m2\repository\commons-logging\commons-logging\1.2\commons-logging-1.2.jar;C:\Users\dilip\.m2\repository\org\apache\httpcomponents\httpmime\4.5.2\httpmime-4.5.2.jar;C:\Users\dilip\.m2\repository\com\google\code\gson\gson\2.8.5\gson-2.8.5.jar;C:\Users\dilip\.m2\repository\org\apache\commons\commons-lang3\3.0\commons-lang3-3.0.jar;C:\Users\dilip\.m2\repository\commons-io\commons-io\1.3.2\commons-io-1.3.2.jar;"/>
    <property name="java.vm.vendor" value="Oracle Corporation"/>
    <property name="sun.arch.data.model" value="64"/>
    <property name="user.variant" value=""/>
    <property name="java.vendor.url" value="http://java.oracle.com/"/>
    <property name="user.timezone" value="America/New_York"/>
    <property name="java.vm.specification.version" value="1.8"/>
    <property name="os.name" value="Windows 10"/>
    <property name="user.country" value="CA"/>
    <property name="sun.java.launcher" value="SUN_STANDARD"/>
    <property name="sun.boot.library.path" value="C:\Program Files\Java\jdk1.8.0_231\jre\bin"/>
    <property name="sun.java.command" value="C:\Users\dilip\AppData\Local\Temp\surefire2374533877761968365\surefirebooter7476818135077993509.jar C:\Users\dilip\AppData\Local\Temp\surefire2374533877761968365 2021-12-08T14-52-26_785-jvmRun1 surefire4999825588194719818tmp surefire_04354513850760606252tmp"/>
    <property name="surefire.test.class.path" value="D:\Programs\8&apos;30PMEST Batch\jombone-master\target\test-classes;D:\Programs\8&apos;30PMEST Batch\jombone-master\target\classes;C:\Users\dilip\.m2\repository\junit\junit\3.8.1\junit-3.8.1.jar;C:\Users\dilip\.m2\repository\org\seleniumhq\selenium\selenium-java\3.141.59\selenium-java-3.141.59.jar;C:\Users\dilip\.m2\repository\org\seleniumhq\selenium\selenium-api\3.141.59\selenium-api-3.141.59.jar;C:\Users\dilip\.m2\repository\org\seleniumhq\selenium\selenium-chrome-driver\3.141.59\selenium-chrome-driver-3.141.59.jar;C:\Users\dilip\.m2\repository\org\seleniumhq\selenium\selenium-edge-driver\3.141.59\selenium-edge-driver-3.141.59.jar;C:\Users\dilip\.m2\repository\org\seleniumhq\selenium\selenium-firefox-driver\3.141.59\selenium-firefox-driver-3.141.59.jar;C:\Users\dilip\.m2\repository\org\seleniumhq\selenium\selenium-ie-driver\3.141.59\selenium-ie-driver-3.141.59.jar;C:\Users\dilip\.m2\repository\org\seleniumhq\selenium\selenium-opera-driver\3.141.59\selenium-opera-driver-3.141.59.jar;C:\Users\dilip\.m2\repository\org\seleniumhq\selenium\selenium-remote-driver\3.141.59\selenium-remote-driver-3.141.59.jar;C:\Users\dilip\.m2\repository\org\seleniumhq\selenium\selenium-safari-driver\3.141.59\selenium-safari-driver-3.141.59.jar;C:\Users\dilip\.m2\repository\org\seleniumhq\selenium\selenium-support\3.141.59\selenium-support-3.141.59.jar;C:\Users\dilip\.m2\repository\net\bytebuddy\byte-buddy\1.8.15\byte-buddy-1.8.15.jar;C:\Users\dilip\.m2\repository\org\apache\commons\commons-exec\1.3\commons-exec-1.3.jar;C:\Users\dilip\.m2\repository\com\google\guava\guava\25.0-jre\guava-25.0-jre.jar;C:\Users\dilip\.m2\repository\com\google\code\findbugs\jsr305\1.3.9\jsr305-1.3.9.jar;C:\Users\dilip\.m2\repository\org\checkerframework\checker-compat-qual\2.0.0\checker-compat-qual-2.0.0.jar;C:\Users\dilip\.m2\repository\com\google\errorprone\error_prone_annotations\2.1.3\error_prone_annotations-2.1.3.jar;C:\Users\dilip\.m2\repository\com\google\j2objc\j2objc-annotations\1.1\j2objc-annotations-1.1.jar;C:\Users\dilip\.m2\repository\org\codehaus\mojo\animal-sniffer-annotations\1.14\animal-sniffer-annotations-1.14.jar;C:\Users\dilip\.m2\repository\com\squareup\okhttp3\okhttp\3.11.0\okhttp-3.11.0.jar;C:\Users\dilip\.m2\repository\com\squareup\okio\okio\1.14.0\okio-1.14.0.jar;C:\Users\dilip\.m2\repository\log4j\log4j\1.2.17\log4j-1.2.17.jar;C:\Users\dilip\.m2\repository\org\testng\testng\6.14.3\testng-6.14.3.jar;C:\Users\dilip\.m2\repository\com\beust\jcommander\1.72\jcommander-1.72.jar;C:\Users\dilip\.m2\repository\org\apache-extras\beanshell\bsh\2.0b6\bsh-2.0b6.jar;C:\Users\dilip\.m2\repository\org\apache\poi\poi\3.17\poi-3.17.jar;C:\Users\dilip\.m2\repository\commons-codec\commons-codec\1.10\commons-codec-1.10.jar;C:\Users\dilip\.m2\repository\org\apache\commons\commons-collections4\4.1\commons-collections4-4.1.jar;C:\Users\dilip\.m2\repository\org\apache\poi\poi-ooxml\3.17\poi-ooxml-3.17.jar;C:\Users\dilip\.m2\repository\org\apache\poi\poi-ooxml-schemas\3.17\poi-ooxml-schemas-3.17.jar;C:\Users\dilip\.m2\repository\org\apache\xmlbeans\xmlbeans\2.6.0\xmlbeans-2.6.0.jar;C:\Users\dilip\.m2\repository\stax\stax-api\1.0.1\stax-api-1.0.1.jar;C:\Users\dilip\.m2\repository\com\github\virtuald\curvesapi\1.04\curvesapi-1.04.jar;C:\Users\dilip\.m2\repository\com\aventstack\extentreports\4.0.9\extentreports-4.0.9.jar;C:\Users\dilip\.m2\repository\org\freemarker\freemarker\2.3.23\freemarker-2.3.23.jar;C:\Users\dilip\.m2\repository\org\mongodb\mongodb-driver\3.3.0\mongodb-driver-3.3.0.jar;C:\Users\dilip\.m2\repository\org\mongodb\mongodb-driver-core\3.3.0\mongodb-driver-core-3.3.0.jar;C:\Users\dilip\.m2\repository\org\mongodb\bson\3.3.0\bson-3.3.0.jar;C:\Users\dilip\.m2\repository\org\apache\httpcomponents\httpclient\4.5.2\httpclient-4.5.2.jar;C:\Users\dilip\.m2\repository\org\apache\httpcomponents\httpcore\4.4.4\httpcore-4.4.4.jar;C:\Users\dilip\.m2\repository\commons-logging\commons-logging\1.2\commons-logging-1.2.jar;C:\Users\dilip\.m2\repository\org\apache\httpcomponents\httpmime\4.5.2\httpmime-4.5.2.jar;C:\Users\dilip\.m2\repository\com\google\code\gson\gson\2.8.5\gson-2.8.5.jar;C:\Users\dilip\.m2\repository\org\apache\commons\commons-lang3\3.0\commons-lang3-3.0.jar;C:\Users\dilip\.m2\repository\commons-io\commons-io\1.3.2\commons-io-1.3.2.jar;"/>
    <property name="sun.cpu.endian" value="little"/>
    <property name="user.home" value="C:\Users\dilip"/>
    <property name="user.language" value="en"/>
    <property name="java.specification.vendor" value="Oracle Corporation"/>
    <property name="java.home" value="C:\Program Files\Java\jdk1.8.0_231\jre"/>
    <property name="basedir" value="D:\Programs\8&apos;30PMEST Batch\jombone-master"/>
    <property name="file.separator" value="\"/>
    <property name="line.separator" value="&#10;"/>
    <property name="java.vm.specification.vendor" value="Oracle Corporation"/>
    <property name="java.specification.name" value="Java Platform API Specification"/>
    <property name="java.awt.graphicsenv" value="sun.awt.Win32GraphicsEnvironment"/>
    <property name="surefire.real.class.path" value="C:\Users\dilip\AppData\Local\Temp\surefire2374533877761968365\surefirebooter7476818135077993509.jar"/>
    <property name="sun.boot.class.path" value="C:\Program Files\Java\jdk1.8.0_231\jre\lib\resources.jar;C:\Program Files\Java\jdk1.8.0_231\jre\lib\rt.jar;C:\Program Files\Java\jdk1.8.0_231\jre\lib\sunrsasign.jar;C:\Program Files\Java\jdk1.8.0_231\jre\lib\jsse.jar;C:\Program Files\Java\jdk1.8.0_231\jre\lib\jce.jar;C:\Program Files\Java\jdk1.8.0_231\jre\lib\charsets.jar;C:\Program Files\Java\jdk1.8.0_231\jre\lib\jfr.jar;C:\Program Files\Java\jdk1.8.0_231\jre\classes"/>
    <property name="user.script" value=""/>
    <property name="sun.management.compiler" value="HotSpot 64-Bit Tiered Compilers"/>
    <property name="java.runtime.version" value="1.8.0_231-b11"/>
    <property name="user.name" value="dilip"/>
    <property name="path.separator" value=";"/>
    <property name="os.version" value="10.0"/>
    <property name="java.endorsed.dirs" value="C:\Program Files\Java\jdk1.8.0_231\jre\lib\endorsed"/>
    <property name="java.runtime.name" value="Java(TM) SE Runtime Environment"/>
    <property name="file.encoding" value="Cp1252"/>
    <property name="java.vm.name" value="Java HotSpot(TM) 64-Bit Server VM"/>
    <property name="localRepository" value="C:\Users\dilip\.m2\repository"/>
    <property name="java.vendor.url.bug" value="http://bugreport.sun.com/bugreport/"/>
    <property name="java.io.tmpdir" value="C:\Users\dilip\AppData\Local\Temp\"/>
    <property name="java.version" value="1.8.0_231"/>
    <property name="user.dir" value="D:\Programs\8&apos;30PMEST Batch\jombone-master"/>
    <property name="os.arch" value="amd64"/>
    <property name="java.vm.specification.name" value="Java Virtual Machine Specification"/>
    <property name="java.awt.printerjob" value="sun.awt.windows.WPrinterJob"/>
    <property name="sun.os.patch.level" value=""/>
    <property name="java.library.path" value="C:\Program Files\Java\jdk1.8.0_231\jre\bin;C:\WINDOWS\Sun\Java\bin;C:\WINDOWS\system32;C:\WINDOWS;C:/JAVA/bin/server;C:/JAVA/bin;C:/JAVA/lib/amd64;C:\Program Files (x86)\Common Files\Oracle\Java\javapath;C:\WINDOWS\system32;C:\WINDOWS;C:\WINDOWS\System32\Wbem;C:\WINDOWS\System32\WindowsPowerShell\v1.0\;C:\WINDOWS\System32\OpenSSH\;C:\Program Files\Git\bin;C:\Program Files\Java\jdk1.8.0_231bin;C:\library\apache-maven-3.8.3-bin\apache-maven-3.8.3\bin;C:\Users\dilip\AppData\Local\Microsoft\WindowsApps;;C:\Users\dilip\Downloads\eclipse-java-2020-03-R-win32-x86_64\eclipse;;."/>
    <property name="java.vm.info" value="mixed mode"/>
    <property name="java.vendor" value="Oracle Corporation"/>
    <property name="java.vm.version" value="25.231-b11"/>
    <property name="java.ext.dirs" value="C:\Program Files\Java\jdk1.8.0_231\jre\lib\ext;C:\WINDOWS\Sun\Java\lib\ext"/>
    <property name="sun.io.unicode.encoding" value="UnicodeLittle"/>
    <property name="java.class.version" value="52.0"/>
  </properties>
  <testcase name="TestCase003" classname="com.testCases.CA_TC009ME_Button_Logout_Test" time="8.103">
    <system-out><![CDATA[DEBUG [main] (BaseClass.java:54)- Debug logging has started 
 INFO [main] (CA_TC001LoginTest.java:18)- Started Logintest
 INFO [main] (CA_TC001LoginTest.java:24)- Clicked on Login
 INFO [main] (CA_TC001LoginTest.java:37)- Test Passed! Login Successful!
 INFO [main] (CA_TC001LoginTest.java:46)- Completed Logintest
 INFO [main] (CA_TC002Home_Test.java:28)- Clicked on search job  
 INFO [main] (CA_TC002Home_Test.java:32)- Clicked on Home button  
 INFO [main] (CA_TC002Home_Test.java:36)- Test Passed!  User is on Dashboard!
 INFO [main] (CA_TC002Home_Test.java:43)- Completed Logintest
 INFO [main] (CA_TC005Me_Button.java:28)- Mouse hover on me button
 INFO [main] (CA_TC005Me_Button.java:33)- Mouse hover Link Displayed
 INFO [main] (CA_TC009ME_Button_Logout_Test.java:26)- Clicked on Logout button
 INFO [main] (CA_TC009ME_Button_Logout_Test.java:30)- Clicked on Logout yes button
 INFO [main] (CA_TC009ME_Button_Logout_Test.java:37)- Test Passed! Logout Successful!
 INFO [main] (CA_TC009ME_Button_Logout_Test.java:46)- Completed Logout test
]]></system-out>
    <system-err><![CDATA[Starting ChromeDriver 96.0.4664.45 (76e4c1bb2ab4671b8beba3444e61c0f17584b2fc-refs/branch-heads/4664@{#947}) on port 42843
Only local connections are allowed.
Please see https://chromedriver.chromium.org/security-considerations for suggestions on keeping ChromeDriver safe.
ChromeDriver was started successfully.
Dec 08, 2021 2:52:31 PM org.openqa.selenium.remote.ProtocolHandshake createSession
INFO: Detected dialect: W3C
]]></system-err>
  </testcase>
  <testcase name="TC0013" classname="com.testCases.CA_TC13JobLoctionTest" time="5.588">
    <system-out><![CDATA[DEBUG [main] (BaseClass.java:54)- Debug logging has started 
 INFO [main] (CA_TC001LoginTest.java:18)- Started Logintest
 INFO [main] (CA_TC001LoginTest.java:24)- Clicked on Login
 INFO [main] (CA_TC001LoginTest.java:37)- Test Passed! Login Successful!
 INFO [main] (CA_TC001LoginTest.java:46)- Completed Logintest
 INFO [main] (CA_TC13JobLoctionTest.java:24)-  Clicked on job title 
 INFO [main] (CA_TC13JobLoctionTest.java:31)- Job Location visible
]]></system-out>
    <system-err><![CDATA[Starting ChromeDriver 96.0.4664.45 (76e4c1bb2ab4671b8beba3444e61c0f17584b2fc-refs/branch-heads/4664@{#947}) on port 35437
Only local connections are allowed.
Please see https://chromedriver.chromium.org/security-considerations for suggestions on keeping ChromeDriver safe.
ChromeDriver was started successfully.
Dec 08, 2021 2:52:44 PM org.openqa.selenium.remote.ProtocolHandshake createSession
INFO: Detected dialect: W3C
]]></system-err>
  </testcase>
  <testcase name="TestCase005" classname="com.testCases.CA_TC005Me_Button" time="7.623">
    <system-out><![CDATA[DEBUG [main] (BaseClass.java:54)- Debug logging has started 
 INFO [main] (CA_TC001LoginTest.java:18)- Started Logintest
 INFO [main] (CA_TC001LoginTest.java:24)- Clicked on Login
 INFO [main] (CA_TC001LoginTest.java:37)- Test Passed! Login Successful!
 INFO [main] (CA_TC001LoginTest.java:46)- Completed Logintest
 INFO [main] (CA_TC002Home_Test.java:28)- Clicked on search job  
 INFO [main] (CA_TC002Home_Test.java:32)- Clicked on Home button  
 INFO [main] (CA_TC002Home_Test.java:36)- Test Passed!  User is on Dashboard!
 INFO [main] (CA_TC002Home_Test.java:43)- Completed Logintest
 INFO [main] (CA_TC005Me_Button.java:28)- Mouse hover on me button
 INFO [main] (CA_TC005Me_Button.java:33)- Mouse hover Link Displayed
]]></system-out>
    <system-err><![CDATA[Starting ChromeDriver 96.0.4664.45 (76e4c1bb2ab4671b8beba3444e61c0f17584b2fc-refs/branch-heads/4664@{#947}) on port 21576
Only local connections are allowed.
Please see https://chromedriver.chromium.org/security-considerations for suggestions on keeping ChromeDriver safe.
ChromeDriver was started successfully.
Dec 08, 2021 2:52:54 PM org.openqa.selenium.remote.ProtocolHandshake createSession
INFO: Detected dialect: W3C
]]></system-err>
  </testcase>
  <testcase name="TestCase002" classname="com.testCases.CA_TC006MeButton_MYProfile" time="7.813">
    <system-out><![CDATA[DEBUG [main] (BaseClass.java:54)- Debug logging has started 
 INFO [main] (CA_TC001LoginTest.java:18)- Started Logintest
 INFO [main] (CA_TC001LoginTest.java:24)- Clicked on Login
 INFO [main] (CA_TC001LoginTest.java:37)- Test Passed! Login Successful!
 INFO [main] (CA_TC001LoginTest.java:46)- Completed Logintest
 INFO [main] (CA_TC002Home_Test.java:28)- Clicked on search job  
 INFO [main] (CA_TC002Home_Test.java:32)- Clicked on Home button  
 INFO [main] (CA_TC002Home_Test.java:36)- Test Passed!  User is on Dashboard!
 INFO [main] (CA_TC002Home_Test.java:43)- Completed Logintest
 INFO [main] (CA_TC005Me_Button.java:28)- Mouse hover on me button
 INFO [main] (CA_TC005Me_Button.java:33)- Mouse hover Link Displayed
 INFO [main] (CA_TC006MeButton_MYProfile.java:27)- Clicked on My Profile 
 INFO [main] (CA_TC006MeButton_MYProfile.java:31)- User is on Candidate Profile
]]></system-out>
    <system-err><![CDATA[Starting ChromeDriver 96.0.4664.45 (76e4c1bb2ab4671b8beba3444e61c0f17584b2fc-refs/branch-heads/4664@{#947}) on port 12307
Only local connections are allowed.
Please see https://chromedriver.chromium.org/security-considerations for suggestions on keeping ChromeDriver safe.
ChromeDriver was started successfully.
Dec 08, 2021 2:53:06 PM org.openqa.selenium.remote.ProtocolHandshake createSession
INFO: Detected dialect: W3C
]]></system-err>
  </testcase>
  <testcase name="TestCase001" classname="com.testCases.CA_TC002Home_Test" time="6.364">
    <system-out><![CDATA[DEBUG [main] (BaseClass.java:54)- Debug logging has started 
 INFO [main] (CA_TC001LoginTest.java:18)- Started Logintest
 INFO [main] (CA_TC001LoginTest.java:24)- Clicked on Login
 INFO [main] (CA_TC001LoginTest.java:37)- Test Passed! Login Successful!
 INFO [main] (CA_TC001LoginTest.java:46)- Completed Logintest
 INFO [main] (CA_TC002Home_Test.java:28)- Clicked on search job  
 INFO [main] (CA_TC002Home_Test.java:32)- Clicked on Home button  
 INFO [main] (CA_TC002Home_Test.java:36)- Test Passed!  User is on Dashboard!
 INFO [main] (CA_TC002Home_Test.java:43)- Completed Logintest
]]></system-out>
    <system-err><![CDATA[Starting ChromeDriver 96.0.4664.45 (76e4c1bb2ab4671b8beba3444e61c0f17584b2fc-refs/branch-heads/4664@{#947}) on port 28981
Only local connections are allowed.
Please see https://chromedriver.chromium.org/security-considerations for suggestions on keeping ChromeDriver safe.
ChromeDriver was started successfully.
Dec 08, 2021 2:53:19 PM org.openqa.selenium.remote.ProtocolHandshake createSession
INFO: Detected dialect: W3C
]]></system-err>
  </testcase>
  <testcase name="TestCase008" classname="com.testCases.CA_TC008Me_Button_Preferences" time="8.416">
    <system-out><![CDATA[DEBUG [main] (BaseClass.java:54)- Debug logging has started 
 INFO [main] (CA_TC001LoginTest.java:18)- Started Logintest
 INFO [main] (CA_TC001LoginTest.java:24)- Clicked on Login
 INFO [main] (CA_TC001LoginTest.java:37)- Test Passed! Login Successful!
 INFO [main] (CA_TC001LoginTest.java:46)- Completed Logintest
 INFO [main] (CA_TC002Home_Test.java:28)- Clicked on search job  
 INFO [main] (CA_TC002Home_Test.java:32)- Clicked on Home button  
 INFO [main] (CA_TC002Home_Test.java:36)- Test Passed!  User is on Dashboard!
 INFO [main] (CA_TC002Home_Test.java:43)- Completed Logintest
 INFO [main] (CA_TC005Me_Button.java:28)- Mouse hover on me button
 INFO [main] (CA_TC005Me_Button.java:33)- Mouse hover Link Displayed
 INFO [main] (CA_TC008Me_Button_Preferences.java:27)- Clicked on Preferences
 INFO [main] (CA_TC008Me_Button_Preferences.java:31)- User is on Preferences Page
]]></system-out>
    <system-err><![CDATA[Starting ChromeDriver 96.0.4664.45 (76e4c1bb2ab4671b8beba3444e61c0f17584b2fc-refs/branch-heads/4664@{#947}) on port 3216
Only local connections are allowed.
Please see https://chromedriver.chromium.org/security-considerations for suggestions on keeping ChromeDriver safe.
ChromeDriver was started successfully.
Dec 08, 2021 2:53:30 PM org.openqa.selenium.remote.ProtocolHandshake createSession
INFO: Detected dialect: W3C
]]></system-err>
  </testcase>
  <testcase name="Logintest" classname="com.testCases.CA_TC001LoginTest" time="3.998">
    <system-out><![CDATA[DEBUG [main] (BaseClass.java:54)- Debug logging has started 
 INFO [main] (CA_TC001LoginTest.java:18)- Started Logintest
 INFO [main] (CA_TC001LoginTest.java:24)- Clicked on Login
 INFO [main] (CA_TC001LoginTest.java:37)- Test Passed! Login Successful!
 INFO [main] (CA_TC001LoginTest.java:46)- Completed Logintest
]]></system-out>
    <system-err><![CDATA[Starting ChromeDriver 96.0.4664.45 (76e4c1bb2ab4671b8beba3444e61c0f17584b2fc-refs/branch-heads/4664@{#947}) on port 11264
Only local connections are allowed.
Please see https://chromedriver.chromium.org/security-considerations for suggestions on keeping ChromeDriver safe.
ChromeDriver was started successfully.
Dec 08, 2021 2:53:43 PM org.openqa.selenium.remote.ProtocolHandshake createSession
INFO: Detected dialect: W3C
]]></system-err>
  </testcase>
  <testcase name="TestCase002" classname="com.testCases.CA_TC007Me_Button_Setting" time="8.421">
    <system-out><![CDATA[DEBUG [main] (BaseClass.java:54)- Debug logging has started 
 INFO [main] (CA_TC001LoginTest.java:18)- Started Logintest
 INFO [main] (CA_TC001LoginTest.java:24)- Clicked on Login
 INFO [main] (CA_TC001LoginTest.java:37)- Test Passed! Login Successful!
 INFO [main] (CA_TC001LoginTest.java:46)- Completed Logintest
 INFO [main] (CA_TC002Home_Test.java:28)- Clicked on search job  
 INFO [main] (CA_TC002Home_Test.java:32)- Clicked on Home button  
 INFO [main] (CA_TC002Home_Test.java:36)- Test Passed!  User is on Dashboard!
 INFO [main] (CA_TC002Home_Test.java:43)- Completed Logintest
 INFO [main] (CA_TC005Me_Button.java:28)- Mouse hover on me button
 INFO [main] (CA_TC005Me_Button.java:33)- Mouse hover Link Displayed
 INFO [main] (CA_TC006MeButton_MYProfile.java:27)- Clicked on My Profile 
 INFO [main] (CA_TC006MeButton_MYProfile.java:31)- User is on Candidate Profile
 INFO [main] (CA_TC007Me_Button_Setting.java:26)- Clicked on Settings
 INFO [main] (CA_TC007Me_Button_Setting.java:30)- User is on Settings Window
]]></system-out>
    <system-err><![CDATA[Starting ChromeDriver 96.0.4664.45 (76e4c1bb2ab4671b8beba3444e61c0f17584b2fc-refs/branch-heads/4664@{#947}) on port 27801
Only local connections are allowed.
Please see https://chromedriver.chromium.org/security-considerations for suggestions on keeping ChromeDriver safe.
ChromeDriver was started successfully.
Dec 08, 2021 2:53:52 PM org.openqa.selenium.remote.ProtocolHandshake createSession
INFO: Detected dialect: W3C
]]></system-err>
  </testcase>
  <testcase name="TC004" classname="com.testCases.CA_TC0011JobTitleTest" time="6.188">
    <system-out><![CDATA[DEBUG [main] (BaseClass.java:54)- Debug logging has started 
 INFO [main] (CA_TC001LoginTest.java:18)- Started Logintest
 INFO [main] (CA_TC001LoginTest.java:24)- Clicked on Login
 INFO [main] (CA_TC001LoginTest.java:37)- Test Passed! Login Successful!
 INFO [main] (CA_TC001LoginTest.java:46)- Completed Logintest
 INFO [main] (CA_TC0011JobTitleTest.java:27)-  Clicked on job title 
 INFO [main] (CA_TC0011JobTitleTest.java:33)- job title is Visible
 INFO [main] (CA_TC0011JobTitleTest.java:40)-  Clicked on Posted job 
]]></system-out>
    <system-err><![CDATA[Starting ChromeDriver 96.0.4664.45 (76e4c1bb2ab4671b8beba3444e61c0f17584b2fc-refs/branch-heads/4664@{#947}) on port 42730
Only local connections are allowed.
Please see https://chromedriver.chromium.org/security-considerations for suggestions on keeping ChromeDriver safe.
ChromeDriver was started successfully.
Dec 08, 2021 2:54:05 PM org.openqa.selenium.remote.ProtocolHandshake createSession
INFO: Detected dialect: W3C
]]></system-err>
  </testcase>
  <testcase name="search001" classname="com.testCases.CA_TC003SearchBoxPositive" time="8.67">
    <system-out><![CDATA[DEBUG [main] (BaseClass.java:54)- Debug logging has started 
 INFO [main] (CA_TC001LoginTest.java:18)- Started Logintest
 INFO [main] (CA_TC001LoginTest.java:24)- Clicked on Login
 INFO [main] (CA_TC001LoginTest.java:37)- Test Passed! Login Successful!
 INFO [main] (CA_TC001LoginTest.java:46)- Completed Logintest
 INFO [main] (CA_TC002Home_Test.java:28)- Clicked on search job  
 INFO [main] (CA_TC002Home_Test.java:32)- Clicked on Home button  
 INFO [main] (CA_TC002Home_Test.java:36)- Test Passed!  User is on Dashboard!
 INFO [main] (CA_TC002Home_Test.java:43)- Completed Logintest
 INFO [main] (CA_TC003SearchBoxPositive.java:28)- Enter text in Search text box 
 INFO [main] (CA_TC003SearchBoxPositive.java:32)- Software Developer 
 INFO [main] (CA_TC003SearchBoxPositive.java:39)- Software Developer is not Selected 
]]></system-out>
    <system-err><![CDATA[Starting ChromeDriver 96.0.4664.45 (76e4c1bb2ab4671b8beba3444e61c0f17584b2fc-refs/branch-heads/4664@{#947}) on port 17921
Only local connections are allowed.
Please see https://chromedriver.chromium.org/security-considerations for suggestions on keeping ChromeDriver safe.
ChromeDriver was started successfully.
Dec 08, 2021 2:54:16 PM org.openqa.selenium.remote.ProtocolHandshake createSession
INFO: Detected dialect: W3C
]]></system-err>
  </testcase>
  <testcase name="TestC004" classname="com.testCases.CA_TC0010ME_Button_Jombone_test" time="7.991">
    <system-out><![CDATA[DEBUG [main] (BaseClass.java:54)- Debug logging has started 
 INFO [main] (CA_TC001LoginTest.java:18)- Started Logintest
 INFO [main] (CA_TC001LoginTest.java:24)- Clicked on Login
 INFO [main] (CA_TC001LoginTest.java:37)- Test Passed! Login Successful!
 INFO [main] (CA_TC001LoginTest.java:46)- Completed Logintest
 INFO [main] (CA_TC002Home_Test.java:28)- Clicked on search job  
 INFO [main] (CA_TC002Home_Test.java:32)- Clicked on Home button  
 INFO [main] (CA_TC002Home_Test.java:36)- Test Passed!  User is on Dashboard!
 INFO [main] (CA_TC002Home_Test.java:43)- Completed Logintest
 INFO [main] (CA_TC0010ME_Button_Jombone_test.java:27)- Clicked on Jombone button 
 INFO [main] (CA_TC0010ME_Button_Jombone_test.java:31)- Test Passed! User is on Dashboard!
 INFO [main] (CA_TC0010ME_Button_Jombone_test.java:38)- Test Completed User is on dashboard
]]></system-out>
    <system-err><![CDATA[Starting ChromeDriver 96.0.4664.45 (76e4c1bb2ab4671b8beba3444e61c0f17584b2fc-refs/branch-heads/4664@{#947}) on port 9975
Only local connections are allowed.
Please see https://chromedriver.chromium.org/security-considerations for suggestions on keeping ChromeDriver safe.
ChromeDriver was started successfully.
Dec 08, 2021 2:54:29 PM org.openqa.selenium.remote.ProtocolHandshake createSession
INFO: Detected dialect: W3C
]]></system-err>
  </testcase>
  <testcase name="search001" classname="com.testCases.CA_TC004SearchNegative" time="8.319">
    <system-out><![CDATA[DEBUG [main] (BaseClass.java:54)- Debug logging has started 
 INFO [main] (CA_TC001LoginTest.java:18)- Started Logintest
 INFO [main] (CA_TC001LoginTest.java:24)- Clicked on Login
 INFO [main] (CA_TC001LoginTest.java:37)- Test Passed! Login Successful!
 INFO [main] (CA_TC001LoginTest.java:46)- Completed Logintest
 INFO [main] (CA_TC002Home_Test.java:28)- Clicked on search job  
 INFO [main] (CA_TC002Home_Test.java:32)- Clicked on Home button  
 INFO [main] (CA_TC002Home_Test.java:36)- Test Passed!  User is on Dashboard!
 INFO [main] (CA_TC002Home_Test.java:43)- Completed Logintest
 INFO [main] (CA_TC003SearchBoxPositive.java:28)- Enter text in Search text box 
 INFO [main] (CA_TC003SearchBoxPositive.java:32)- Software Developer 
 INFO [main] (CA_TC003SearchBoxPositive.java:39)- Software Developer is not Selected 
 INFO [main] (CA_TC004SearchNegative.java:28)- Negative Search box
 INFO [main] (CA_TC004SearchNegative.java:32)- Entered Negative text Displayed
]]></system-out>
    <system-err><![CDATA[Starting ChromeDriver 96.0.4664.45 (76e4c1bb2ab4671b8beba3444e61c0f17584b2fc-refs/branch-heads/4664@{#947}) on port 21846
Only local connections are allowed.
Please see https://chromedriver.chromium.org/security-considerations for suggestions on keeping ChromeDriver safe.
ChromeDriver was started successfully.
Dec 08, 2021 2:54:42 PM org.openqa.selenium.remote.ProtocolHandshake createSession
INFO: Detected dialect: W3C
]]></system-err>
  </testcase>
  <testcase name="TC0012" classname="com.testCases.CA_TC0012CompanyNameTest" time="5.31">
    <system-out><![CDATA[DEBUG [main] (BaseClass.java:54)- Debug logging has started 
 INFO [main] (CA_TC001LoginTest.java:18)- Started Logintest
 INFO [main] (CA_TC001LoginTest.java:24)- Clicked on Login
 INFO [main] (CA_TC001LoginTest.java:37)- Test Passed! Login Successful!
 INFO [main] (CA_TC001LoginTest.java:46)- Completed Logintest
 INFO [main] (CA_TC0012CompanyNameTest.java:25)-  Clicked on job title 
 INFO [main] (CA_TC0012CompanyNameTest.java:30)- Company Name Visiable
]]></system-out>
    <system-err><![CDATA[Starting ChromeDriver 96.0.4664.45 (76e4c1bb2ab4671b8beba3444e61c0f17584b2fc-refs/branch-heads/4664@{#947}) on port 39640
Only local connections are allowed.
Please see https://chromedriver.chromium.org/security-considerations for suggestions on keeping ChromeDriver safe.
ChromeDriver was started successfully.
Dec 08, 2021 2:54:55 PM org.openqa.selenium.remote.ProtocolHandshake createSession
INFO: Detected dialect: W3C
]]></system-err>
  </testcase>
</testsuite>