<?xml version="1.0" encoding="UTF-8"?>
<!-- Generated by org.testng.reporters.JUnitReportReporter -->
<testsuite skipped="0" hostname="ShanuDilipSingh10" name="com.testCases.CA_TC003SearchBoxPositive" tests="1" failures="0" timestamp="10 Dec 2021 16:29:58 GMT" time="8.940" errors="0">
  <testcase name="search001" time="8.940" classname="com.testCases.CA_TC003SearchBoxPositive"/>
</testsuite> <!-- com.testCases.CA_TC003SearchBoxPositive -->
