<?xml version="1.0" encoding="UTF-8"?>
<!-- Generated by org.testng.reporters.JUnitReportReporter -->
<testsuite skipped="0" hostname="ShanuDilipSingh10" name="com.testCases.CA_TC0010ME_Button_Jombone_test" tests="1" failures="0" timestamp="17 Dec 2021 01:21:31 GMT" time="8.926" errors="0">
  <testcase name="TestC004" time="8.926" classname="com.testCases.CA_TC0010ME_Button_Jombone_test"/>
</testsuite> <!-- com.testCases.CA_TC0010ME_Button_Jombone_test -->
