<?xml version="1.0" encoding="UTF-8"?>
<!-- Generated by org.testng.reporters.JUnitReportReporter -->
<testsuite skipped="0" hostname="ShanuDilipSingh10" name="com.testCases.CA_TC004SearchNegative" tests="1" failures="0" timestamp="10 Dec 2021 16:29:58 GMT" time="9.088" errors="0">
  <testcase name="search001" time="9.088" classname="com.testCases.CA_TC004SearchNegative"/>
</testsuite> <!-- com.testCases.CA_TC004SearchNegative -->
