<?xml version="1.0" encoding="UTF-8"?>
<!-- Generated by org.testng.reporters.JUnitReportReporter -->
<testsuite skipped="0" hostname="ShanuDilipSingh10" name="com.testCases.CA_TC004SearchNegative" tests="1" failures="0" timestamp="11 Dec 2021 01:02:19 GMT" time="13.589" errors="0">
  <testcase name="search001" time="13.589" classname="com.testCases.CA_TC004SearchNegative"/>
</testsuite> <!-- com.testCases.CA_TC004SearchNegative -->
