<?xml version="1.0" encoding="UTF-8"?>
<!-- Generated by org.testng.reporters.JUnitReportReporter -->
<testsuite skipped="0" hostname="ShanuDilipSingh10" name="com.testCases.CA_TC001LoginTest" tests="1" failures="0" timestamp="16 Dec 2021 19:02:51 GMT" time="5.047" errors="0">
  <testcase name="Logintest" time="5.047" classname="com.testCases.CA_TC001LoginTest"/>
</testsuite> <!-- com.testCases.CA_TC001LoginTest -->
