<?xml version="1.0" encoding="UTF-8"?>
<!-- Generated by org.testng.reporters.JUnitReportReporter -->
<testsuite skipped="0" hostname="ShanuDilipSingh10" name="com.testCases.CA_TC002Home_Test" tests="1" failures="0" timestamp="10 Dec 2021 16:29:58 GMT" time="6.776" errors="0">
  <testcase name="TestCase001" time="6.776" classname="com.testCases.CA_TC002Home_Test"/>
</testsuite> <!-- com.testCases.CA_TC002Home_Test -->
