<?xml version="1.0" encoding="UTF-8"?>
<!-- Generated by org.testng.reporters.JUnitReportReporter -->
<testsuite skipped="0" hostname="ShanuDilipSingh10" name="com.testCases.CA_TC007Me_Button_Setting" tests="1" failures="0" timestamp="08 Dec 2021 19:55:03 GMT" time="8.423" errors="0">
  <testcase name="TestCase002" time="8.423" classname="com.testCases.CA_TC007Me_Button_Setting"/>
</testsuite> <!-- com.testCases.CA_TC007Me_Button_Setting -->
