<?xml version="1.0" encoding="UTF-8"?>
<!-- Generated by org.testng.reporters.JUnitReportReporter -->
<testsuite skipped="0" hostname="ShanuDilipSingh10" name="com.testCases.CA_TC006MeButton_MYProfile" tests="1" failures="0" timestamp="08 Dec 2021 19:55:03 GMT" time="7.815" errors="0">
  <testcase name="TestCase002" time="7.815" classname="com.testCases.CA_TC006MeButton_MYProfile"/>
</testsuite> <!-- com.testCases.CA_TC006MeButton_MYProfile -->
