<?xml version="1.0" encoding="UTF-8"?>
<!-- Generated by org.testng.reporters.JUnitReportReporter -->
<testsuite skipped="0" hostname="ShanuDilipSingh10" name="com.testCases.CA_TC004SearchNegative" tests="1" failures="0" timestamp="08 Dec 2021 19:55:03 GMT" time="8.319" errors="0">
  <testcase name="search001" time="8.319" classname="com.testCases.CA_TC004SearchNegative"/>
</testsuite> <!-- com.testCases.CA_TC004SearchNegative -->
