<?xml version="1.0" encoding="UTF-8"?>
<!-- Generated by org.testng.reporters.JUnitReportReporter -->
<testsuite skipped="0" hostname="ShanuDilipSingh10" name="com.testCases.CA_TC005Me_Button" tests="1" failures="0" timestamp="08 Dec 2021 19:55:03 GMT" time="7.630" errors="0">
  <testcase name="TestCase005" time="7.630" classname="com.testCases.CA_TC005Me_Button"/>
</testsuite> <!-- com.testCases.CA_TC005Me_Button -->
