<?xml version="1.0" encoding="UTF-8"?>
<!-- Generated by org.testng.reporters.JUnitReportReporter -->
<testsuite skipped="0" hostname="ShanuDilipSingh10" name="com.testCases.CA_TC002Home_Test" tests="1" failures="0" timestamp="08 Dec 2021 19:55:03 GMT" time="6.373" errors="0">
  <testcase name="TestCase001" time="6.373" classname="com.testCases.CA_TC002Home_Test"/>
</testsuite> <!-- com.testCases.CA_TC002Home_Test -->
