<?xml version="1.0" encoding="UTF-8"?>
<!-- Generated by org.testng.reporters.JUnitReportReporter -->
<testsuite skipped="0" hostname="ShanuDilipSingh10" name="com.testCases.CA_TC0011JobTitleTest" tests="1" failures="0" timestamp="08 Dec 2021 19:55:03 GMT" time="6.193" errors="0">
  <testcase name="TC004" time="6.193" classname="com.testCases.CA_TC0011JobTitleTest"/>
</testsuite> <!-- com.testCases.CA_TC0011JobTitleTest -->
