<?xml version="1.0" encoding="UTF-8"?>
<!-- Generated by org.testng.reporters.JUnitReportReporter -->
<testsuite skipped="0" hostname="ShanuDilipSingh10" name="com.testCases.CA_TC13JobLoctionTest" tests="1" failures="0" timestamp="08 Dec 2021 19:55:03 GMT" time="5.601" errors="0">
  <testcase name="TC0013" time="5.601" classname="com.testCases.CA_TC13JobLoctionTest"/>
</testsuite> <!-- com.testCases.CA_TC13JobLoctionTest -->
