<?xml version="1.0" encoding="UTF-8"?>
<!-- Generated by org.testng.reporters.JUnitReportReporter -->
<testsuite skipped="0" hostname="ShanuDilipSingh10" name="com.testCases.CA_TC008Me_Button_Preferences" tests="1" failures="0" timestamp="08 Dec 2021 19:55:03 GMT" time="8.416" errors="0">
  <testcase name="TestCase008" time="8.416" classname="com.testCases.CA_TC008Me_Button_Preferences"/>
</testsuite> <!-- com.testCases.CA_TC008Me_Button_Preferences -->
