<?xml version="1.0" encoding="UTF-8"?>
<!-- Generated by org.testng.reporters.JUnitReportReporter -->
<testsuite skipped="0" hostname="ShanuDilipSingh10" name="com.testCases.CA_TC0012CompanyNameTest" tests="1" failures="0" timestamp="08 Dec 2021 19:55:03 GMT" time="5.311" errors="0">
  <testcase name="TC0012" time="5.311" classname="com.testCases.CA_TC0012CompanyNameTest"/>
</testsuite> <!-- com.testCases.CA_TC0012CompanyNameTest -->
